<?xml version="1.0" encoding="utf-8"?><testsuites name="pytest tests"><testsuite name="pytest" errors="0" failures="0" skipped="0" tests="38" time="57.355" timestamp="2026-02-27T16:10:13.753994+01:00" hostname="arthur-framework"><testcase classname="tests.unit.test_project.TestProject" name="test_put_cross_validation" time="11.723" /><testcase classname="tests.unit.test_project.TestProject" name="test_put_pickles_cv_without_cache" time="9.034" /><testcase classname="tests.unit.test_project.TestProject" name="test_put[mreg_report-multioutput-regression-rmse-expected_artifacts1]" time="2.775" /><testcase classname="tests.unit.test_project.TestProject" name="test_put[reg_report-regression-rmse-expected_artifacts0]" time="3.185" /><testcase classname="tests.unit.test_project.TestProject" name="test_put_pickles_estimator_without_cache" time="3.373" /><testcase classname="tests.unit.test_project.TestProject" name="test_delete" time="0.523" /><testcase classname="tests.unit.test_project.TestProject" name="test_put[clf_report-binary-classification-roc_auc-expected_artifacts2]" time="4.540" /><testcase classname="tests.unit.test_project.TestProject" name="test_init_with_explicit_tracking_uri" time="0.760" /><testcase classname="tests.unit.test_project.TestProject" name="test_get" time="3.177" /><testcase classname="tests.unit.test_project.TestProject" name="test_get_unknown_id_with_explicit_tracking_uri" time="0.523" /><testcase classname="tests.unit.test_project.TestProject" name="test_put[mclf_report-multiclass-classification-roc_auc-expected_artifacts3]" time="3.247" /><testcase classname="tests.unit.test_project" name="test_format_date" time="0.002" /><testcase classname="tests.unit.test_project" name="test_report_type_invalid_report" time="0.003" /><testcase classname="tests.unit.test_project" name="test_project_put_requires_string_key" time="0.690" /><testcase classname="tests.unit.test_project" name="test_log_model_falls_back_for_mlflow_2" time="0.003" /><testcase classname="tests.unit.test_project" name="test_log_model_reraises_unexpected_typeerror" time="0.002" /><testcase classname="tests.unit.test_project" name="test_switch_mpl_backend_falls_back_when_restore_fails" time="0.001" /><testcase classname="tests.unit.test_project" name="test_project_put_raises_inside_active_run" time="0.933" /><testcase classname="tests.unit.test_project" name="test_log_artifact_raises_on_unsupported_payload" time="0.002" /><testcase classname="tests.unit.test_project" name="test_project_put_requires_supported_report_type" time="0.749" /><testcase classname="tests.unit.test_project" name="test_run_to_metadata_unsupported_report_type_raises" time="0.003" /><testcase classname="tests.unit.test_reports" name="test_iter_estimator_smoke[reg_report]" time="0.860" /><testcase classname="tests.unit.test_reports" name="test_sample_input_example_casts_category_to_object" time="0.003" /><testcase classname="tests.unit.test_reports" name="test_iter_estimator_metrics_smoke[reg_report]" time="0.100" /><testcase classname="tests.unit.test_reports" name="test_iter_cv_smoke[cv_mclf_report]" time="1.430" /><testcase classname="tests.unit.test_reports" name="test_iter_cv_metrics_smoke[cv_mreg_report]" time="0.080" /><testcase classname="tests.unit.test_reports" name="test_iter_cv_smoke[cv_reg_report]" time="0.936" /><testcase classname="tests.unit.test_reports" name="test_iter_estimator_metrics_smoke[mclf_report]" time="0.400" /><testcase classname="tests.unit.test_reports" name="test_iter_estimator_smoke[mclf_report]" time="0.700" /><testcase classname="tests.unit.test_reports" name="test_iter_cv_metrics_smoke[cv_reg_report]" time="0.150" /><testcase classname="tests.unit.test_reports" name="test_iter_estimator_smoke[clf_report]" time="2.217" /><testcase classname="tests.unit.test_reports" name="test_iter_estimator_metrics_smoke[clf_report]" time="0.695" /><testcase classname="tests.unit.test_reports" name="test_iter_cv_smoke[cv_mreg_report]" time="0.793" /><testcase classname="tests.unit.test_reports" name="test_iter_cv_metrics_smoke[cv_mclf_report]" time="0.342" /><testcase classname="tests.unit.test_reports" name="test_iter_cv_smoke[cv_clf_report]" time="2.365" /><testcase classname="tests.unit.test_reports" name="test_iter_estimator_metrics_smoke[mreg_report]" time="0.016" /><testcase classname="tests.unit.test_reports" name="test_iter_estimator_smoke[mreg_report]" time="0.449" /><testcase classname="tests.unit.test_reports" name="test_iter_cv_metrics_smoke[cv_clf_report]" time="0.316" /></testsuite></testsuites>
